[ 2016-04-18T11:05:56+08:00 ] 127.0.0.1 /industry/
INFO: [ app_init ] --START--
INFO: Run Behavior\BuildLiteBehavior [ RunTime:0.000031s ]
INFO: [ app_init ] --END-- [ RunTime:0.009392s ]
INFO: [ app_begin ] --START--
INFO: Run Behavior\ReadHtmlCacheBehavior [ RunTime:0.009568s ]
INFO: [ app_begin ] --END-- [ RunTime:0.009712s ]
SQL: SHOW COLUMNS FROM `qw_article` [ RunTime:0.0147s ]
SQL: SELECT `o`,`title`,`thumbnail`,`aid` FROM `qw_article` WHERE ( o <= 6 ) ORDER BY o asc  [ RunTime:0.0003s ]
SQL: SELECT COUNT(*) AS tp_count FROM `qw_article` LIMIT 1   [ RunTime:0.0002s ]
SQL: SHOW COLUMNS FROM `qw_flash` [ RunTime:0.0157s ]
SQL: SELECT * FROM `qw_flash` WHERE `o` = 1 LIMIT 1   [ RunTime:0.0004s ]
INFO: [ view_parse ] --START--
INFO: [ template_filter ] --START--
INFO: Run Behavior\ContentReplaceBehavior [ RunTime:0.000200s ]
INFO: [ template_filter ] --END-- [ RunTime:0.000318s ]
INFO: Run Behavior\ParseTemplateBehavior [ RunTime:0.179608s ]
INFO: [ view_parse ] --END-- [ RunTime:0.179820s ]
INFO: [ view_filter ] --START--
INFO: Run Behavior\WriteHtmlCacheBehavior [ RunTime:0.006821s ]
INFO: [ view_filter ] --END-- [ RunTime:0.006948s ]
INFO: [ app_end ] --START--
INFO: Run Behavior\ShowPageTraceBehavior [ RunTime:0.007409s ]
INFO: [ app_end ] --END-- [ RunTime:0.007533s ]

